SF:lib\screens\general_info_page.dart
DA:5,2
DA:7,1
DA:8,1
DA:104,1
DA:106,2
DA:107,1
DA:110,1
DA:111,1
DA:112,1
DA:113,1
DA:126,0
DA:127,0
DA:129,0
DA:130,0
DA:131,0
DA:135,0
DA:138,0
DA:139,0
DA:143,0
DA:146,0
DA:147,0
DA:149,0
DA:150,0
DA:155,1
DA:156,1
DA:157,1
DA:170,0
DA:171,0
DA:173,0
DA:174,0
DA:179,1
DA:180,1
DA:181,1
DA:194,0
DA:195,0
DA:197,0
DA:198,0
DA:203,1
DA:204,1
DA:205,1
DA:206,1
DA:207,0
DA:208,0
DA:209,0
DA:210,0
DA:213,1
DA:220,0
DA:221,0
DA:223,0
DA:224,0
DA:229,1
DA:230,1
DA:231,1
DA:232,1
DA:233,0
DA:234,0
DA:235,0
DA:236,0
DA:239,1
DA:246,0
DA:247,0
DA:249,0
DA:250,0
DA:255,1
DA:256,1
DA:257,1
DA:258,1
DA:259,0
DA:260,0
DA:261,0
DA:262,0
DA:265,1
DA:272,0
DA:273,0
DA:275,0
DA:276,0
DA:281,1
DA:282,1
DA:283,1
DA:284,1
DA:285,0
DA:286,0
DA:287,0
DA:288,0
DA:291,1
DA:298,0
DA:299,0
DA:301,0
DA:302,0
DA:307,1
DA:308,1
DA:309,1
DA:323,0
DA:324,0
DA:326,0
DA:327,0
DA:332,1
DA:333,1
DA:334,1
DA:335,1
DA:336,0
DA:337,0
DA:338,0
DA:339,0
DA:342,1
DA:349,0
DA:350,0
DA:352,0
DA:353,0
DA:358,1
DA:359,1
DA:360,1
DA:361,1
DA:362,0
DA:363,0
DA:364,0
DA:365,0
DA:368,1
DA:375,0
DA:376,0
DA:378,0
DA:379,0
DA:384,1
DA:386,1
DA:387,1
DA:393,1
DA:396,1
DA:397,1
DA:405,1
DA:406,1
DA:407,1
DA:408,1
DA:410,1
DA:411,1
DA:412,1
DA:413,2
DA:414,2
DA:417,1
DA:418,1
DA:419,1
DA:420,1
DA:421,2
DA:422,2
DA:425,1
DA:426,1
DA:427,1
DA:428,1
DA:429,2
DA:430,2
DA:436,1
DA:437,1
DA:438,0
DA:439,0
DA:440,0
DA:452,0
DA:468,1
DA:469,1
DA:475,1
DA:476,1
DA:479,2
DA:482,2
DA:488,1
DA:489,1
DA:492,2
DA:495,2
DA:501,1
DA:509,1
DA:516,0
DA:523,1
DA:530,1
DA:537,1
DA:544,1
DA:545,1
LF:173
LH:95
end_of_record
SF:lib\screens\login_page.dart
DA:10,2
DA:12,1
DA:13,1
DA:24,1
DA:26,1
DA:27,2
DA:30,1
DA:31,6
DA:33,0
DA:43,0
DA:44,0
DA:45,0
DA:46,0
DA:47,0
DA:50,0
DA:60,1
DA:61,0
DA:62,0
DA:63,0
DA:74,0
DA:75,0
DA:78,0
DA:79,0
DA:80,0
DA:81,0
DA:82,0
DA:85,1
DA:86,1
DA:100,1
DA:101,1
DA:103,1
DA:104,1
DA:109,1
DA:110,1
DA:124,1
DA:125,1
DA:127,1
DA:128,1
DA:133,1
DA:135,1
DA:136,1
DA:146,1
DA:156,1
DA:157,1
DA:160,1
DA:161,1
DA:169,1
DA:170,1
DA:171,1
DA:172,1
DA:173,1
DA:175,1
DA:177,1
DA:178,1
DA:179,1
DA:184,1
DA:185,1
DA:187,1
DA:188,3
DA:189,3
DA:190,2
DA:191,2
DA:192,1
DA:194,0
DA:208,1
DA:209,1
DA:210,1
DA:211,1
DA:213,1
DA:214,1
DA:215,1
DA:217,1
DA:218,1
DA:219,1
DA:220,0
DA:221,0
DA:240,2
DA:241,2
DA:247,2
DA:248,2
LF:80
LH:60
end_of_record
SF:lib\screens\set_goals.dart
DA:6,2
DA:8,1
DA:9,1
DA:23,1
DA:24,1
DA:25,1
DA:38,0
DA:39,0
DA:41,0
DA:42,0
DA:47,1
DA:48,1
DA:49,1
DA:62,0
DA:63,0
DA:65,0
DA:66,0
DA:71,1
DA:72,1
DA:73,1
DA:74,1
DA:87,0
DA:88,0
DA:90,0
DA:91,0
DA:92,0
DA:96,0
DA:99,0
DA:100,0
DA:102,0
DA:105,0
DA:108,0
DA:109,0
DA:114,1
DA:115,1
DA:116,1
DA:117,1
DA:130,0
DA:131,0
DA:133,0
DA:134,0
DA:135,0
DA:140,0
DA:143,0
DA:144,0
DA:146,0
DA:149,0
DA:152,0
DA:153,0
DA:158,1
DA:160,1
DA:161,1
DA:162,1
DA:165,1
DA:174,1
DA:175,1
DA:176,1
DA:177,1
DA:180,1
DA:181,1
DA:185,1
DA:186,1
DA:187,1
DA:188,1
DA:190,1
DA:191,1
DA:192,1
DA:193,1
DA:195,1
DA:197,1
DA:199,1
DA:203,1
DA:204,1
DA:205,1
DA:207,1
DA:209,1
DA:211,1
DA:218,1
DA:219,1
DA:220,0
DA:221,0
DA:222,0
DA:229,1
DA:231,1
DA:265,1
DA:266,1
DA:269,2
DA:272,0
DA:278,1
DA:279,1
DA:282,2
DA:285,0
DA:291,1
DA:292,1
DA:298,1
DA:301,1
DA:304,1
DA:308,1
DA:309,1
DA:310,1
DA:311,1
DA:316,3
LF:102
LH:65
end_of_record
SF:lib\DatabaseHandler\AccountDbHelper.dart
DA:21,1
DA:25,2
DA:29,1
DA:30,2
DA:31,2
DA:32,3
DA:36,0
DA:37,0
DA:48,0
DA:49,0
DA:50,0
DA:54,1
DA:55,2
DA:56,0
DA:60,0
DA:61,0
DA:67,0
DA:68,0
DA:69,0
DA:72,0
DA:79,0
DA:80,0
DA:81,0
DA:82,0
DA:86,0
DA:87,0
DA:88,0
DA:89,0
LF:28
LH:8
end_of_record
SF:lib\Model\account_model.dart
DA:9,0
DA:12,0
DA:13,0
DA:14,0
DA:15,0
DA:16,0
DA:17,0
DA:18,0
DA:23,0
DA:25,0
DA:26,0
DA:27,0
DA:28,0
DA:29,0
LF:14
LH:0
end_of_record
SF:lib\components\daily_meal_plan.dart
DA:8,4
DA:33,0
DA:35,0
DA:41,0
DA:42,0
DA:43,0
DA:45,0
DA:47,0
DA:48,0
DA:49,0
DA:50,0
DA:51,0
DA:53,0
DA:54,0
DA:55,0
DA:58,0
DA:60,0
DA:61,0
DA:62,0
DA:63,0
DA:67,0
DA:68,0
DA:69,0
DA:72,0
DA:73,0
DA:74,0
DA:75,0
DA:87,0
DA:88,0
DA:89,0
DA:90,0
DA:92,0
DA:93,0
DA:94,0
DA:95,0
DA:97,0
DA:98,0
DA:99,0
DA:100,0
LF:39
LH:1
end_of_record
SF:lib\components\dark_meal_plan_row.dart
DA:6,0
DA:12,0
DA:14,0
DA:16,0
DA:17,0
DA:19,0
DA:20,0
DA:21,0
DA:22,0
DA:23,0
DA:29,0
DA:31,0
DA:32,0
DA:33,0
DA:34,0
DA:38,0
DA:41,0
DA:42,0
DA:43,0
LF:19
LH:0
end_of_record
SF:lib\components\light_meal_plan_row.dart
DA:6,0
DA:12,0
DA:14,0
DA:15,0
DA:16,0
DA:18,0
DA:19,0
DA:20,0
DA:22,0
DA:23,0
DA:24,0
DA:25,0
DA:29,0
DA:32,0
DA:33,0
DA:34,0
DA:41,0
DA:42,0
DA:43,0
DA:44,0
LF:20
LH:0
end_of_record
SF:lib\components\expand_button.dart
DA:6,4
DA:11,0
DA:13,0
DA:14,0
DA:15,0
DA:17,0
DA:18,0
DA:19,0
DA:21,0
DA:23,0
DA:24,0
DA:25,0
LF:12
LH:1
end_of_record
SF:lib\components\meal_plan_card.dart
DA:6,0
DA:12,0
DA:14,0
DA:15,0
DA:16,0
DA:17,0
DA:18,0
DA:19,0
DA:21,0
DA:22,0
DA:24,0
DA:25,0
DA:34,0
DA:39,0
DA:40,0
DA:50,0
DA:53,0
DA:54,0
DA:55,0
DA:56,0
DA:59,0
LF:21
LH:0
end_of_record
SF:lib\screens\dashboard.dart
DA:10,0
DA:12,0
DA:13,0
DA:27,0
DA:28,0
DA:29,0
DA:33,0
DA:35,0
DA:36,0
DA:37,0
DA:38,0
DA:39,0
DA:40,0
DA:42,0
DA:43,0
DA:44,0
DA:45,0
DA:48,0
DA:49,0
DA:50,0
DA:51,0
DA:53,0
DA:55,0
DA:57,0
DA:58,0
DA:62,0
DA:63,0
DA:65,0
DA:67,0
DA:69,0
DA:70,0
DA:74,0
DA:75,0
DA:77,0
DA:79,0
DA:81,0
DA:82,0
DA:86,0
DA:87,0
DA:89,0
DA:91,0
DA:93,0
DA:94,0
DA:98,0
DA:99,0
DA:101,0
DA:103,0
DA:105,0
DA:106,0
LF:49
LH:0
end_of_record
SF:lib\screens\food_prefferences.dart
DA:5,0
DA:7,0
DA:8,0
DA:13,0
DA:15,0
DA:16,0
DA:21,0
DA:29,0
DA:30,0
DA:31,0
DA:35,0
DA:36,0
DA:38,0
DA:40,0
DA:41,0
DA:42,0
DA:43,0
DA:58,0
DA:59,0
DA:60,0
DA:61,0
DA:67,0
DA:68,0
DA:88,0
DA:92,0
DA:98,0
DA:100,0
DA:102,0
DA:103,0
DA:104,0
DA:105,0
DA:120,0
DA:121,0
DA:122,0
DA:123,0
DA:129,0
DA:130,0
LF:37
LH:0
end_of_record
SF:lib\screens\food.dart
DA:6,0
DA:8,0
DA:9,0
DA:22,0
DA:47,0
DA:48,0
DA:54,0
DA:55,0
DA:56,0
DA:58,0
DA:60,0
DA:61,0
DA:63,0
DA:64,0
DA:66,0
DA:67,0
DA:72,0
DA:73,0
DA:74,0
DA:78,0
DA:80,0
DA:82,0
DA:83,0
DA:84,0
DA:85,0
DA:100,0
DA:101,0
DA:108,0
DA:109,0
DA:110,0
DA:124,0
DA:129,0
DA:130,0
DA:135,0
DA:144,0
DA:145,0
DA:146,0
DA:147,0
DA:148,0
DA:150,0
DA:151,0
DA:152,0
DA:153,0
DA:162,0
DA:163,0
DA:165,0
DA:166,0
DA:167,0
DA:168,0
DA:169,0
DA:170,0
DA:171,0
DA:172,0
DA:173,0
DA:178,0
LF:55
LH:0
end_of_record
SF:lib\screens\home_page.dart
DA:10,0
DA:12,0
DA:13,0
DA:14,0
DA:15,0
DA:16,0
DA:17,0
DA:21,0
DA:22,0
DA:23,0
DA:25,0
DA:53,0
DA:54,0
DA:55,0
DA:56,0
DA:57,0
DA:59,0
DA:64,0
DA:65,0
DA:66,0
DA:67,0
DA:68,0
DA:70,0
DA:75,0
DA:76,0
DA:77,0
DA:78,0
DA:79,0
DA:81,0
DA:86,0
DA:87,0
DA:88,0
DA:89,0
DA:94,0
DA:96,0
DA:112,0
DA:114,0
DA:115,0
DA:119,0
DA:121,0
DA:122,0
DA:123,0
DA:124,0
DA:127,0
DA:128,0
DA:129,0
DA:130,0
DA:131,0
DA:135,0
DA:136,0
DA:137,0
DA:139,0
DA:154,0
DA:168,0
DA:169,0
DA:170,0
DA:171,0
DA:174,0
DA:176,0
DA:178,0
DA:179,0
DA:203,0
DA:204,0
DA:206,0
DA:207,0
DA:208,0
DA:209,0
DA:210,0
DA:213,0
DA:217,0
DA:219,0
DA:225,0
DA:227,0
DA:228,0
DA:229,0
DA:231,0
DA:233,0
DA:237,0
DA:239,0
LF:79
LH:0
end_of_record
SF:lib\screens\meal_plan_page.dart
DA:9,0
DA:11,0
DA:12,0
DA:16,0
DA:18,0
DA:19,0
DA:20,0
DA:23,0
DA:33,0
DA:34,0
DA:36,0
DA:37,0
DA:38,0
DA:39,0
DA:40,0
DA:41,0
DA:42,0
DA:44,0
DA:46,0
DA:47,0
DA:48,0
DA:51,0
DA:54,0
DA:56,0
DA:104,0
DA:105,0
DA:106,0
DA:108,0
DA:109,0
DA:111,0
DA:116,0
DA:119,0
DA:120,0
DA:121,0
DA:122,0
DA:123,0
DA:124,0
DA:125,0
DA:131,0
DA:132,0
DA:133,0
DA:134,0
DA:140,0
DA:141,0
DA:142,0
DA:143,0
DA:155,0
LF:47
LH:0
end_of_record
SF:lib\screens\faq.dart
DA:4,0
DA:6,0
DA:7,0
DA:14,0
DA:15,0
DA:16,0
DA:17,0
DA:21,0
DA:22,0
DA:27,0
DA:29,0
DA:30,0
DA:34,0
LF:13
LH:0
end_of_record
SF:lib\screens\profile.dart
DA:4,0
DA:6,0
DA:7,0
DA:14,0
DA:15,0
DA:16,0
DA:17,0
DA:21,0
DA:22,0
DA:27,0
DA:29,0
DA:30,0
DA:34,0
DA:42,0
DA:43,0
DA:46,0
DA:47,0
DA:48,0
DA:49,0
DA:50,0
DA:51,0
DA:69,0
DA:70,0
DA:71,0
DA:72,0
DA:74,0
DA:77,0
DA:78,0
DA:91,0
DA:93,0
DA:99,0
DA:101,0
DA:102,0
DA:103,0
DA:104,0
DA:106,0
DA:110,0
DA:111,0
DA:112,0
DA:115,0
DA:123,0
DA:124,0
DA:125,0
DA:127,0
DA:131,0
DA:132,0
DA:133,0
DA:136,0
DA:144,0
DA:145,0
DA:146,0
DA:148,0
DA:152,0
DA:153,0
DA:154,0
DA:157,0
DA:165,0
DA:166,0
DA:167,0
DA:169,0
DA:173,0
DA:174,0
DA:175,0
DA:178,0
DA:195,0
DA:196,0
DA:203,0
DA:204,0
DA:205,0
DA:208,0
DA:213,0
DA:215,0
DA:217,0
LF:73
LH:0
end_of_record
SF:lib\screens\settings.dart
DA:4,0
DA:6,0
DA:7,0
DA:14,0
DA:15,0
DA:16,0
DA:17,0
DA:21,0
DA:22,0
DA:27,0
DA:29,0
DA:30,0
DA:34,0
DA:35,0
DA:36,0
DA:37,0
DA:42,0
DA:43,0
DA:44,0
DA:46,0
DA:47,0
DA:48,0
DA:49,0
DA:50,0
DA:51,0
DA:53,0
DA:57,0
DA:58,0
DA:59,0
DA:60,0
DA:61,0
LF:31
LH:0
end_of_record
SF:lib\screens\registration.dart
DA:8,2
DA:10,1
DA:11,1
DA:24,1
DA:26,1
DA:27,2
DA:30,0
DA:31,0
DA:33,0
DA:35,0
DA:47,0
DA:48,0
DA:58,0
DA:59,0
DA:60,0
DA:61,0
DA:62,0
DA:63,0
DA:78,1
DA:79,1
DA:80,1
DA:92,0
DA:93,0
DA:95,0
DA:96,0
DA:101,1
DA:102,1
DA:103,1
DA:115,0
DA:116,0
DA:118,0
DA:119,0
DA:124,1
DA:125,1
DA:126,1
DA:138,0
DA:139,0
DA:141,0
DA:142,0
DA:147,1
DA:148,1
DA:149,1
DA:161,0
DA:162,0
DA:164,0
DA:165,0
DA:170,1
DA:171,1
DA:172,1
DA:185,0
DA:186,0
DA:188,0
DA:189,0
DA:194,1
DA:195,1
DA:196,1
DA:209,0
DA:210,0
DA:215,1
DA:217,1
DA:218,1
DA:223,1
DA:224,1
DA:225,0
DA:226,0
DA:229,1
DA:230,1
DA:233,1
DA:234,1
DA:243,1
DA:244,1
DA:245,1
DA:246,1
DA:247,1
DA:248,1
DA:249,1
DA:251,1
DA:252,1
DA:253,1
DA:255,1
DA:256,1
DA:257,1
DA:259,1
DA:260,1
DA:261,1
DA:263,1
DA:264,1
DA:265,1
DA:267,1
DA:268,1
DA:269,1
DA:274,1
DA:275,1
DA:276,0
DA:277,0
DA:278,0
DA:279,0
DA:280,0
DA:281,0
DA:282,0
DA:283,0
DA:284,0
DA:286,0
DA:307,1
DA:308,1
DA:311,2
DA:317,1
DA:318,1
DA:321,2
DA:324,2
DA:330,1
DA:333,1
DA:336,1
DA:342,1
DA:343,1
DA:349,1
DA:350,1
DA:356,1
DA:357,1
DA:360,2
LF:120
LH:74
end_of_record
